0 info it worked if it ends with ok
1 verbose cli [ '/home/users/ataheri/local/node/bin/node',
1 verbose cli   '/home/users/ataheri/local/node/bin/npm',
1 verbose cli   'run',
1 verbose cli   'leap' ]
2 info using npm@3.10.10
3 info using node@v6.10.3
4 verbose run-script [ 'preleap', 'leap', 'postleap' ]
5 info lifecycle leap-x11-a3d-controller@1.0.0~preleap: leap-x11-a3d-controller@1.0.0
6 silly lifecycle leap-x11-a3d-controller@1.0.0~preleap: no script for preleap, continuing
7 info lifecycle leap-x11-a3d-controller@1.0.0~leap: leap-x11-a3d-controller@1.0.0
8 verbose lifecycle leap-x11-a3d-controller@1.0.0~leap: unsafe-perm in lifecycle true
9 verbose lifecycle leap-x11-a3d-controller@1.0.0~leap: PATH: /home/users/ataheri/local/node/lib/node_modules/npm/bin/node-gyp-bin:/home/users/ataheri/repos/leap-x11-a3d-controller/node_modules/.bin:/home/users/ataheri/local/usr/bin:/home/users/ataheri/local/bin:/home/users/ataheri/local/node/bin:/opt/mni-display/bin:/usr/lib/fsl/5.0:/home/users/ataheri/bin:/home/users/ataheri/.local/bin:/usr/local/sbin:/usr/local/bin:/usr/sbin:/usr/bin:/sbin:/bin:/usr/games:/usr/local/games:/snap/bin
10 verbose lifecycle leap-x11-a3d-controller@1.0.0~leap: CWD: /home/users/ataheri/repos/leap-x11-a3d-controller
11 silly lifecycle leap-x11-a3d-controller@1.0.0~leap: Args: [ '-c', 'node ./index.js' ]
12 silly lifecycle leap-x11-a3d-controller@1.0.0~leap: Returned: code: 1  signal: null
13 info lifecycle leap-x11-a3d-controller@1.0.0~leap: Failed to exec leap script
14 verbose stack Error: leap-x11-a3d-controller@1.0.0 leap: `node ./index.js`
14 verbose stack Exit status 1
14 verbose stack     at EventEmitter.<anonymous> (/home/users/ataheri/local/node/lib/node_modules/npm/lib/utils/lifecycle.js:255:16)
14 verbose stack     at emitTwo (events.js:106:13)
14 verbose stack     at EventEmitter.emit (events.js:191:7)
14 verbose stack     at ChildProcess.<anonymous> (/home/users/ataheri/local/node/lib/node_modules/npm/lib/utils/spawn.js:40:14)
14 verbose stack     at emitTwo (events.js:106:13)
14 verbose stack     at ChildProcess.emit (events.js:191:7)
14 verbose stack     at maybeClose (internal/child_process.js:886:16)
14 verbose stack     at Process.ChildProcess._handle.onexit (internal/child_process.js:226:5)
15 verbose pkgid leap-x11-a3d-controller@1.0.0
16 verbose cwd /home/users/ataheri/repos/leap-x11-a3d-controller
17 error Linux 4.10.0-32-generic
18 error argv "/home/users/ataheri/local/node/bin/node" "/home/users/ataheri/local/node/bin/npm" "run" "leap"
19 error node v6.10.3
20 error npm  v3.10.10
21 error code ELIFECYCLE
22 error leap-x11-a3d-controller@1.0.0 leap: `node ./index.js`
22 error Exit status 1
23 error Failed at the leap-x11-a3d-controller@1.0.0 leap script 'node ./index.js'.
23 error Make sure you have the latest version of node.js and npm installed.
23 error If you do, this is most likely a problem with the leap-x11-a3d-controller package,
23 error not with npm itself.
23 error Tell the author that this fails on your system:
23 error     node ./index.js
23 error You can get information on how to open an issue for this project with:
23 error     npm bugs leap-x11-a3d-controller
23 error Or if that isn't available, you can get their info via:
23 error     npm owner ls leap-x11-a3d-controller
23 error There is likely additional logging output above.
24 verbose exit [ 1, true ]
